wearable-retail-app/build/intermediates/manifest_merge_blame_file/release/processReleaseMainManifest/manifest-merger-blame-release-report.txt
1<?xml version="1.0" encoding="utf-8"?>
2<manifest xmlns:android="http://schemas.android.com/apk/res/android"
3    package="com.meta.wearable.retail"
4    android:versionCode="1"
5    android:versionName="1.0" >
6
7    <uses-sdk
7-->INJECTED
8        android:minSdkVersion="30"
8-->INJECTED
9        android:targetSdkVersion="37" />
9-->INJECTED
10
11    <uses-permission android:name="android.permission.BLUETOOTH_CONNECT" />
11-->REDACTED_PROJECT_ROOT/wearable-retail-app/src/main/AndroidManifest.xml:5:5-76
11-->REDACTED_PROJECT_ROOT/wearable-retail-app/src/main/AndroidManifest.xml:5:22-73
12    <uses-permission android:name="android.permission.INTERNET" />
12-->REDACTED_PROJECT_ROOT/wearable-retail-app/src/main/AndroidManifest.xml:6:5-67
12-->REDACTED_PROJECT_ROOT/wearable-retail-app/src/main/AndroidManifest.xml:6:22-64
13    <uses-permission android:name="android.permission.CAMERA" />
13-->REDACTED_PROJECT_ROOT/wearable-retail-app/src/main/AndroidManifest.xml:7:5-65
13-->REDACTED_PROJECT_ROOT/wearable-retail-app/src/main/AndroidManifest.xml:7:22-62
14    <uses-permission android:name="android.permission.RECORD_AUDIO" />
14-->REDACTED_PROJECT_ROOT/wearable-retail-app/src/main/AndroidManifest.xml:8:5-71
14-->REDACTED_PROJECT_ROOT/wearable-retail-app/src/main/AndroidManifest.xml:8:22-68
15
16    <uses-feature
16-->REDACTED_PROJECT_ROOT/wearable-retail-app/src/main/AndroidManifest.xml:10:5-85
17        android:name="android.hardware.camera"
17-->REDACTED_PROJECT_ROOT/wearable-retail-app/src/main/AndroidManifest.xml:10:19-57
18        android:required="false" />
18-->REDACTED_PROJECT_ROOT/wearable-retail-app/src/main/AndroidManifest.xml:10:58-82
19
20    <!-- Spresso Gallery Integration (Late 2026 Standards) -->
21    <uses-permission android:name="android.permission.READ_MEDIA_IMAGES" />
21-->REDACTED_PROJECT_ROOT/wearable-retail-app/src/main/AndroidManifest.xml:13:5-76
21-->REDACTED_PROJECT_ROOT/wearable-retail-app/src/main/AndroidManifest.xml:13:22-73
22    <!-- Android 14+ Partial Access -->
23    <uses-permission android:name="android.permission.READ_MEDIA_VISUAL_USER_SELECTED" />
23-->REDACTED_PROJECT_ROOT/wearable-retail-app/src/main/AndroidManifest.xml:15:5-90
23-->REDACTED_PROJECT_ROOT/wearable-retail-app/src/main/AndroidManifest.xml:15:22-87
24    <!-- Fallback for older devices -->
25    <uses-permission
25-->REDACTED_PROJECT_ROOT/wearable-retail-app/src/main/AndroidManifest.xml:17:5-107
26        android:name="android.permission.READ_EXTERNAL_STORAGE"
26-->REDACTED_PROJECT_ROOT/wearable-retail-app/src/main/AndroidManifest.xml:17:22-77
27        android:maxSdkVersion="32" />
27-->REDACTED_PROJECT_ROOT/wearable-retail-app/src/main/AndroidManifest.xml:17:78-104
28    <uses-permission android:name="android.permission.USE_BIOMETRIC" /> <!-- suppress DeprecatedClassUsageInspection -->
28-->[androidx.biometric:biometric:1.2.0-alpha05] REDACTED_PROJECT_ROOT/.gradle_home/caches/9.6.1/transforms/c647cf060eb1064256274b490d6af35d/transformed/biometric-1.2.0-alpha05/AndroidManifest.xml:22:5-72
28-->[androidx.biometric:biometric:1.2.0-alpha05] REDACTED_PROJECT_ROOT/.gradle_home/caches/9.6.1/transforms/c647cf060eb1064256274b490d6af35d/transformed/biometric-1.2.0-alpha05/AndroidManifest.xml:22:22-69
29    <uses-permission android:name="android.permission.USE_FINGERPRINT" />
29-->[androidx.biometric:biometric:1.2.0-alpha05] REDACTED_PROJECT_ROOT/.gradle_home/caches/9.6.1/transforms/c647cf060eb1064256274b490d6af35d/transformed/biometric-1.2.0-alpha05/AndroidManifest.xml:25:5-74
29-->[androidx.biometric:biometric:1.2.0-alpha05] REDACTED_PROJECT_ROOT/.gradle_home/caches/9.6.1/transforms/c647cf060eb1064256274b490d6af35d/transformed/biometric-1.2.0-alpha05/AndroidManifest.xml:25:22-71
30    <uses-permission android:name="android.permission.ACCESS_NETWORK_STATE" />
30-->[com.google.firebase:firebase-auth:23.2.0] REDACTED_PROJECT_ROOT/.gradle_home/caches/9.6.1/transforms/ec3613e5b7fa857509989172b617489b/transformed/firebase-auth-23.2.0/AndroidManifest.xml:26:5-79
30-->[com.google.firebase:firebase-auth:23.2.0] REDACTED_PROJECT_ROOT/.gradle_home/caches/9.6.1/transforms/ec3613e5b7fa857509989172b617489b/transformed/firebase-auth-23.2.0/AndroidManifest.xml:26:22-76
31    <uses-permission android:name="com.google.android.providers.gsf.permission.READ_GSERVICES" />
31-->[com.google.android.recaptcha:recaptcha:18.6.1] REDACTED_PROJECT_ROOT/.gradle_home/caches/9.6.1/transforms/f4bb106ae5d588a79043e24917dcb8ee/transformed/recaptcha-18.6.1/AndroidManifest.xml:9:5-98
31-->[com.google.android.recaptcha:recaptcha:18.6.1] REDACTED_PROJECT_ROOT/.gradle_home/caches/9.6.1/transforms/f4bb106ae5d588a79043e24917dcb8ee/transformed/recaptcha-18.6.1/AndroidManifest.xml:9:22-95
32    <uses-permission android:name="android.permission.BLUETOOTH" />
32-->[com.meta.wearable:mwdat-display:0.7.0] REDACTED_PROJECT_ROOT/.gradle_home/caches/9.6.1/transforms/4fee74cf29eead58a223ddc78f40a00e/transformed/mwdat-display-0.7.0/AndroidManifest.xml:13:5-68
32-->[com.meta.wearable:mwdat-display:0.7.0] REDACTED_PROJECT_ROOT/.gradle_home/caches/9.6.1/transforms/4fee74cf29eead58a223ddc78f40a00e/transformed/mwdat-display-0.7.0/AndroidManifest.xml:13:22-65
33
34    <queries>
34-->[com.meta.wearable:mwdat-core:0.7.0] REDACTED_PROJECT_ROOT/.gradle_home/caches/9.6.1/transforms/e0705135bc807cedeca73711dd78f197/transformed/mwdat-core-0.7.0/AndroidManifest.xml:15:5-18:15
35        <package android:name="com.facebook.stella" />
35-->[com.meta.wearable:mwdat-core:0.7.0] REDACTED_PROJECT_ROOT/.gradle_home/caches/9.6.1/transforms/e0705135bc807cedeca73711dd78f197/transformed/mwdat-core-0.7.0/AndroidManifest.xml:16:9-55
35-->[com.meta.wearable:mwdat-core:0.7.0] REDACTED_PROJECT_ROOT/.gradle_home/caches/9.6.1/transforms/e0705135bc807cedeca73711dd78f197/transformed/mwdat-core-0.7.0/AndroidManifest.xml:16:18-52
36        <package android:name="com.facebook.stella_debug" />
36-->[com.meta.wearable:mwdat-core:0.7.0] REDACTED_PROJECT_ROOT/.gradle_home/caches/9.6.1/transforms/e0705135bc807cedeca73711dd78f197/transformed/mwdat-core-0.7.0/AndroidManifest.xml:17:9-61
36-->[com.meta.wearable:mwdat-core:0.7.0] REDACTED_PROJECT_ROOT/.gradle_home/caches/9.6.1/transforms/e0705135bc807cedeca73711dd78f197/transformed/mwdat-core-0.7.0/AndroidManifest.xml:17:18-58
37    </queries>
38
39    <permission
39-->[androidx.core:core:1.19.0-alpha02] REDACTED_PROJECT_ROOT/.gradle_home/caches/9.6.1/transforms/251d28d1ce42a44b0243c2f1cfb40253/transformed/core-1.19.0-alpha02/AndroidManifest.xml:22:5-24:47
40        android:name="com.meta.wearable.retail.DYNAMIC_RECEIVER_NOT_EXPORTED_PERMISSION"
40-->[androidx.core:core:1.19.0-alpha02] REDACTED_PROJECT_ROOT/.gradle_home/caches/9.6.1/transforms/251d28d1ce42a44b0243c2f1cfb40253/transformed/core-1.19.0-alpha02/AndroidManifest.xml:23:9-81
41        android:protectionLevel="signature" />
41-->[androidx.core:core:1.19.0-alpha02] REDACTED_PROJECT_ROOT/.gradle_home/caches/9.6.1/transforms/251d28d1ce42a44b0243c2f1cfb40253/transformed/core-1.19.0-alpha02/AndroidManifest.xml:24:9-44
42
43    <uses-permission android:name="com.meta.wearable.retail.DYNAMIC_RECEIVER_NOT_EXPORTED_PERMISSION" />
43-->[androidx.core:core:1.19.0-alpha02] REDACTED_PROJECT_ROOT/.gradle_home/caches/9.6.1/transforms/251d28d1ce42a44b0243c2f1cfb40253/transformed/core-1.19.0-alpha02/AndroidManifest.xml:26:5-97
43-->[androidx.core:core:1.19.0-alpha02] REDACTED_PROJECT_ROOT/.gradle_home/caches/9.6.1/transforms/251d28d1ce42a44b0243c2f1cfb40253/transformed/core-1.19.0-alpha02/AndroidManifest.xml:26:22-94
44
45    <application
45-->REDACTED_PROJECT_ROOT/wearable-retail-app/src/main/AndroidManifest.xml:19:5-71:19
46        android:name="com.meta.wearable.retail.RetailApplication"
46-->REDACTED_PROJECT_ROOT/wearable-retail-app/src/main/AndroidManifest.xml:20:9-42
47        android:allowBackup="false"
47-->REDACTED_PROJECT_ROOT/wearable-retail-app/src/main/AndroidManifest.xml:21:9-36
48        android:appComponentFactory="androidx.core.app.CoreComponentFactory"
48-->[androidx.core:core:1.19.0-alpha02] REDACTED_PROJECT_ROOT/.gradle_home/caches/9.6.1/transforms/251d28d1ce42a44b0243c2f1cfb40253/transformed/core-1.19.0-alpha02/AndroidManifest.xml:28:18-86
49        android:extractNativeLibs="false"
49-->INJECTED
50        android:icon="@mipmap/ic_launcher"
50-->REDACTED_PROJECT_ROOT/wearable-retail-app/src/main/AndroidManifest.xml:22:9-43
51        android:label="@string/spresso_app_name"
51-->REDACTED_PROJECT_ROOT/wearable-retail-app/src/main/AndroidManifest.xml:23:9-49
52        android:localeConfig="@xml/locales_config"
52-->REDACTED_PROJECT_ROOT/wearable-retail-app/src/main/AndroidManifest.xml:26:9-51
53        android:roundIcon="@mipmap/ic_launcher_round"
53-->REDACTED_PROJECT_ROOT/wearable-retail-app/src/main/AndroidManifest.xml:24:9-54
54        android:supportsRtl="true"
54-->REDACTED_PROJECT_ROOT/wearable-retail-app/src/main/AndroidManifest.xml:25:9-35
55        android:theme="@style/Theme.RetailAgenticCommerce" >
55-->REDACTED_PROJECT_ROOT/wearable-retail-app/src/main/AndroidManifest.xml:27:9-59
56        <meta-data
56-->REDACTED_PROJECT_ROOT/wearable-retail-app/src/main/AndroidManifest.xml:29:9-31:48
57            android:name="com.meta.wearable.mwdat.APPLICATION_ID"
57-->REDACTED_PROJECT_ROOT/wearable-retail-app/src/main/AndroidManifest.xml:30:13-66
58            android:value="***REDACTED_META_APP_ID***" />
58-->REDACTED_PROJECT_ROOT/wearable-retail-app/src/main/AndroidManifest.xml:31:13-45
59        <meta-data
59-->REDACTED_PROJECT_ROOT/wearable-retail-app/src/main/AndroidManifest.xml:32:9-34:84
60            android:name="com.meta.wearable.mwdat.CLIENT_TOKEN"
60-->REDACTED_PROJECT_ROOT/wearable-retail-app/src/main/AndroidManifest.xml:33:13-64
61            android:value="***REDACTED_META_TOKEN***" />
61-->REDACTED_PROJECT_ROOT/wearable-retail-app/src/main/AndroidManifest.xml:34:13-81
62        <meta-data
62-->REDACTED_PROJECT_ROOT/wearable-retail-app/src/main/AndroidManifest.xml:35:9-37:36
63            android:name="com.meta.wearable.mwdat.DAM_ENABLED"
63-->REDACTED_PROJECT_ROOT/wearable-retail-app/src/main/AndroidManifest.xml:36:13-63
64            android:value="true" />
64-->REDACTED_PROJECT_ROOT/wearable-retail-app/src/main/AndroidManifest.xml:37:13-33
65
66        <activity
66-->REDACTED_PROJECT_ROOT/wearable-retail-app/src/main/AndroidManifest.xml:39:9-62:20
67            android:name="com.meta.wearable.retail.MainActivity"
67-->REDACTED_PROJECT_ROOT/wearable-retail-app/src/main/AndroidManifest.xml:40:13-41
68            android:exported="true"
68-->REDACTED_PROJECT_ROOT/wearable-retail-app/src/main/AndroidManifest.xml:41:13-36
69            android:launchMode="singleTop" >
69-->REDACTED_PROJECT_ROOT/wearable-retail-app/src/main/AndroidManifest.xml:42:13-43
70            <intent-filter>
70-->REDACTED_PROJECT_ROOT/wearable-retail-app/src/main/AndroidManifest.xml:43:13-46:29
71                <action android:name="android.intent.action.MAIN" />
71-->REDACTED_PROJECT_ROOT/wearable-retail-app/src/main/AndroidManifest.xml:44:17-69
71-->REDACTED_PROJECT_ROOT/wearable-retail-app/src/main/AndroidManifest.xml:44:25-66
72
73                <category android:name="android.intent.category.LAUNCHER" />
73-->REDACTED_PROJECT_ROOT/wearable-retail-app/src/main/AndroidManifest.xml:45:17-77
73-->REDACTED_PROJECT_ROOT/wearable-retail-app/src/main/AndroidManifest.xml:45:27-74
74            </intent-filter>
75
76            <!-- Callback for Meta AI registration -->
77            <intent-filter>
77-->REDACTED_PROJECT_ROOT/wearable-retail-app/src/main/AndroidManifest.xml:49:13-54:29
78                <action android:name="android.intent.action.VIEW" />
78-->REDACTED_PROJECT_ROOT/wearable-retail-app/src/main/AndroidManifest.xml:50:17-69
78-->REDACTED_PROJECT_ROOT/wearable-retail-app/src/main/AndroidManifest.xml:50:25-66
79
80                <category android:name="android.intent.category.DEFAULT" />
80-->REDACTED_PROJECT_ROOT/wearable-retail-app/src/main/AndroidManifest.xml:51:17-76
80-->REDACTED_PROJECT_ROOT/wearable-retail-app/src/main/AndroidManifest.xml:51:27-73
81                <category android:name="android.intent.category.BROWSABLE" />
81-->REDACTED_PROJECT_ROOT/wearable-retail-app/src/main/AndroidManifest.xml:52:17-78
81-->REDACTED_PROJECT_ROOT/wearable-retail-app/src/main/AndroidManifest.xml:52:27-75
82
83                <data android:scheme="retailagent" />
83-->REDACTED_PROJECT_ROOT/wearable-retail-app/src/main/AndroidManifest.xml:53:17-54
83-->REDACTED_PROJECT_ROOT/wearable-retail-app/src/main/AndroidManifest.xml:53:23-51
84            </intent-filter>
85
86            <!-- Spresso Identifier: Handle Shared Screenshots and Photos -->
87            <intent-filter>
87-->REDACTED_PROJECT_ROOT/wearable-retail-app/src/main/AndroidManifest.xml:57:13-61:29
88                <action android:name="android.intent.action.SEND" />
88-->REDACTED_PROJECT_ROOT/wearable-retail-app/src/main/AndroidManifest.xml:58:17-69
88-->REDACTED_PROJECT_ROOT/wearable-retail-app/src/main/AndroidManifest.xml:58:25-66
89
90                <category android:name="android.intent.category.DEFAULT" />
90-->REDACTED_PROJECT_ROOT/wearable-retail-app/src/main/AndroidManifest.xml:51:17-76
90-->REDACTED_PROJECT_ROOT/wearable-retail-app/src/main/AndroidManifest.xml:51:27-73
91
92                <data android:mimeType="image/*" />
92-->REDACTED_PROJECT_ROOT/wearable-retail-app/src/main/AndroidManifest.xml:53:17-54
92-->REDACTED_PROJECT_ROOT/wearable-retail-app/src/main/AndroidManifest.xml:60:23-49
93            </intent-filter>
94        </activity>
95
96        <!-- Projected Activity for Glasses -->
97        <activity
97-->REDACTED_PROJECT_ROOT/wearable-retail-app/src/main/AndroidManifest.xml:65:9-69:80
98            android:name="com.meta.wearable.retail.RetailGlassesActivity"
98-->REDACTED_PROJECT_ROOT/wearable-retail-app/src/main/AndroidManifest.xml:66:13-50
99            android:exported="false"
99-->REDACTED_PROJECT_ROOT/wearable-retail-app/src/main/AndroidManifest.xml:67:13-37
100            android:requiredDisplayCategory="xr_projected"
100-->REDACTED_PROJECT_ROOT/wearable-retail-app/src/main/AndroidManifest.xml:68:13-59
101            android:theme="@android:style/Theme.Black.NoTitleBar.Fullscreen" />
101-->REDACTED_PROJECT_ROOT/wearable-retail-app/src/main/AndroidManifest.xml:69:13-77
102        <activity
102-->[com.google.firebase:firebase-auth:23.2.0] REDACTED_PROJECT_ROOT/.gradle_home/caches/9.6.1/transforms/ec3613e5b7fa857509989172b617489b/transformed/firebase-auth-23.2.0/AndroidManifest.xml:29:9-46:20
103            android:name="com.google.firebase.auth.internal.GenericIdpActivity"
103-->[com.google.firebase:firebase-auth:23.2.0] REDACTED_PROJECT_ROOT/.gradle_home/caches/9.6.1/transforms/ec3613e5b7fa857509989172b617489b/transformed/firebase-auth-23.2.0/AndroidManifest.xml:30:13-80
104            android:excludeFromRecents="true"
104-->[com.google.firebase:firebase-auth:23.2.0] REDACTED_PROJECT_ROOT/.gradle_home/caches/9.6.1/transforms/ec3613e5b7fa857509989172b617489b/transformed/firebase-auth-23.2.0/AndroidManifest.xml:31:13-46
105            android:exported="true"
105-->[com.google.firebase:firebase-auth:23.2.0] REDACTED_PROJECT_ROOT/.gradle_home/caches/9.6.1/transforms/ec3613e5b7fa857509989172b617489b/transformed/firebase-auth-23.2.0/AndroidManifest.xml:32:13-36
106            android:launchMode="singleTask"
106-->[com.google.firebase:firebase-auth:23.2.0] REDACTED_PROJECT_ROOT/.gradle_home/caches/9.6.1/transforms/ec3613e5b7fa857509989172b617489b/transformed/firebase-auth-23.2.0/AndroidManifest.xml:33:13-44
107            android:theme="@android:style/Theme.Translucent.NoTitleBar" >
107-->[com.google.firebase:firebase-auth:23.2.0] REDACTED_PROJECT_ROOT/.gradle_home/caches/9.6.1/transforms/ec3613e5b7fa857509989172b617489b/transformed/firebase-auth-23.2.0/AndroidManifest.xml:34:13-72
108            <intent-filter>
108-->[com.google.firebase:firebase-auth:23.2.0] REDACTED_PROJECT_ROOT/.gradle_home/caches/9.6.1/transforms/ec3613e5b7fa857509989172b617489b/transformed/firebase-auth-23.2.0/AndroidManifest.xml:35:13-45:29
109                <action android:name="android.intent.action.VIEW" />
109-->REDACTED_PROJECT_ROOT/wearable-retail-app/src/main/AndroidManifest.xml:50:17-69
109-->REDACTED_PROJECT_ROOT/wearable-retail-app/src/main/AndroidManifest.xml:50:25-66
110
111                <category android:name="android.intent.category.DEFAULT" />
111-->REDACTED_PROJECT_ROOT/wearable-retail-app/src/main/AndroidManifest.xml:51:17-76
111-->REDACTED_PROJECT_ROOT/wearable-retail-app/src/main/AndroidManifest.xml:51:27-73
112                <category android:name="android.intent.category.BROWSABLE" />
112-->REDACTED_PROJECT_ROOT/wearable-retail-app/src/main/AndroidManifest.xml:52:17-78
112-->REDACTED_PROJECT_ROOT/wearable-retail-app/src/main/AndroidManifest.xml:52:27-75
113
114                <data
114-->REDACTED_PROJECT_ROOT/wearable-retail-app/src/main/AndroidManifest.xml:53:17-54
115                    android:host="firebase.auth"
116                    android:path="/"
117                    android:scheme="genericidp" />
117-->REDACTED_PROJECT_ROOT/wearable-retail-app/src/main/AndroidManifest.xml:53:23-51
118            </intent-filter>
119        </activity>
120        <activity
120-->[com.google.firebase:firebase-auth:23.2.0] REDACTED_PROJECT_ROOT/.gradle_home/caches/9.6.1/transforms/ec3613e5b7fa857509989172b617489b/transformed/firebase-auth-23.2.0/AndroidManifest.xml:47:9-64:20
121            android:name="com.google.firebase.auth.internal.RecaptchaActivity"
121-->[com.google.firebase:firebase-auth:23.2.0] REDACTED_PROJECT_ROOT/.gradle_home/caches/9.6.1/transforms/ec3613e5b7fa857509989172b617489b/transformed/firebase-auth-23.2.0/AndroidManifest.xml:48:13-79
122            android:excludeFromRecents="true"
122-->[com.google.firebase:firebase-auth:23.2.0] REDACTED_PROJECT_ROOT/.gradle_home/caches/9.6.1/transforms/ec3613e5b7fa857509989172b617489b/transformed/firebase-auth-23.2.0/AndroidManifest.xml:49:13-46
123            android:exported="true"
123-->[com.google.firebase:firebase-auth:23.2.0] REDACTED_PROJECT_ROOT/.gradle_home/caches/9.6.1/transforms/ec3613e5b7fa857509989172b617489b/transformed/firebase-auth-23.2.0/AndroidManifest.xml:50:13-36
124            android:launchMode="singleTask"
124-->[com.google.firebase:firebase-auth:23.2.0] REDACTED_PROJECT_ROOT/.gradle_home/caches/9.6.1/transforms/ec3613e5b7fa857509989172b617489b/transformed/firebase-auth-23.2.0/AndroidManifest.xml:51:13-44
125            android:theme="@android:style/Theme.Translucent.NoTitleBar" >
125-->[com.google.firebase:firebase-auth:23.2.0] REDACTED_PROJECT_ROOT/.gradle_home/caches/9.6.1/transforms/ec3613e5b7fa857509989172b617489b/transformed/firebase-auth-23.2.0/AndroidManifest.xml:52:13-72
126            <intent-filter>
126-->[com.google.firebase:firebase-auth:23.2.0] REDACTED_PROJECT_ROOT/.gradle_home/caches/9.6.1/transforms/ec3613e5b7fa857509989172b617489b/transformed/firebase-auth-23.2.0/AndroidManifest.xml:53:13-63:29
127                <action android:name="android.intent.action.VIEW" />
127-->REDACTED_PROJECT_ROOT/wearable-retail-app/src/main/AndroidManifest.xml:50:17-69
127-->REDACTED_PROJECT_ROOT/wearable-retail-app/src/main/AndroidManifest.xml:50:25-66
128
129                <category android:name="android.intent.category.DEFAULT" />
129-->REDACTED_PROJECT_ROOT/wearable-retail-app/src/main/AndroidManifest.xml:51:17-76
129-->REDACTED_PROJECT_ROOT/wearable-retail-app/src/main/AndroidManifest.xml:51:27-73
130                <category android:name="android.intent.category.BROWSABLE" />
130-->REDACTED_PROJECT_ROOT/wearable-retail-app/src/main/AndroidManifest.xml:52:17-78
130-->REDACTED_PROJECT_ROOT/wearable-retail-app/src/main/AndroidManifest.xml:52:27-75
131
132                <data
132-->REDACTED_PROJECT_ROOT/wearable-retail-app/src/main/AndroidManifest.xml:53:17-54
133                    android:host="firebase.auth"
134                    android:path="/"
135                    android:scheme="recaptcha" />
135-->REDACTED_PROJECT_ROOT/wearable-retail-app/src/main/AndroidManifest.xml:53:23-51
136            </intent-filter>
137        </activity>
138
139        <service
139-->[com.google.firebase:firebase-auth:23.2.0] REDACTED_PROJECT_ROOT/.gradle_home/caches/9.6.1/transforms/ec3613e5b7fa857509989172b617489b/transformed/firebase-auth-23.2.0/AndroidManifest.xml:66:9-72:19
140            android:name="com.google.firebase.components.ComponentDiscoveryService"
140-->[com.google.firebase:firebase-auth:23.2.0] REDACTED_PROJECT_ROOT/.gradle_home/caches/9.6.1/transforms/ec3613e5b7fa857509989172b617489b/transformed/firebase-auth-23.2.0/AndroidManifest.xml:67:13-84
141            android:directBootAware="true"
141-->[com.google.firebase:firebase-common:21.0.0] REDACTED_PROJECT_ROOT/.gradle_home/caches/9.6.1/transforms/816427a72fec307c21f46f6a2df432e1/transformed/firebase-common-21.0.0/AndroidManifest.xml:32:13-43
142            android:exported="false" >
142-->[com.google.firebase:firebase-auth:23.2.0] REDACTED_PROJECT_ROOT/.gradle_home/caches/9.6.1/transforms/ec3613e5b7fa857509989172b617489b/transformed/firebase-auth-23.2.0/AndroidManifest.xml:68:13-37
143            <meta-data
143-->[com.google.firebase:firebase-auth:23.2.0] REDACTED_PROJECT_ROOT/.gradle_home/caches/9.6.1/transforms/ec3613e5b7fa857509989172b617489b/transformed/firebase-auth-23.2.0/AndroidManifest.xml:69:13-71:85
144                android:name="com.google.firebase.components:com.google.firebase.auth.FirebaseAuthRegistrar"
144-->[com.google.firebase:firebase-auth:23.2.0] REDACTED_PROJECT_ROOT/.gradle_home/caches/9.6.1/transforms/ec3613e5b7fa857509989172b617489b/transformed/firebase-auth-23.2.0/AndroidManifest.xml:70:17-109
145                android:value="com.google.firebase.components.ComponentRegistrar" />
145-->[com.google.firebase:firebase-auth:23.2.0] REDACTED_PROJECT_ROOT/.gradle_home/caches/9.6.1/transforms/ec3613e5b7fa857509989172b617489b/transformed/firebase-auth-23.2.0/AndroidManifest.xml:71:17-82
146            <meta-data
146-->[com.google.firebase:firebase-vertexai:16.2.0] REDACTED_PROJECT_ROOT/.gradle_home/caches/9.6.1/transforms/b5ba3407170e409bbecb6301587eb896/transformed/firebase-vertexai-16.2.0/AndroidManifest.xml:29:13-31:85
147                android:name="com.google.firebase.components:com.google.firebase.vertexai.FirebaseVertexAIRegistrar"
147-->[com.google.firebase:firebase-vertexai:16.2.0] REDACTED_PROJECT_ROOT/.gradle_home/caches/9.6.1/transforms/b5ba3407170e409bbecb6301587eb896/transformed/firebase-vertexai-16.2.0/AndroidManifest.xml:30:17-117
148                android:value="com.google.firebase.components.ComponentRegistrar" />
148-->[com.google.firebase:firebase-vertexai:16.2.0] REDACTED_PROJECT_ROOT/.gradle_home/caches/9.6.1/transforms/b5ba3407170e409bbecb6301587eb896/transformed/firebase-vertexai-16.2.0/AndroidManifest.xml:31:17-82
149            <meta-data
149-->[com.google.firebase:firebase-common-ktx:21.0.0] REDACTED_PROJECT_ROOT/.gradle_home/caches/9.6.1/transforms/02e3dc28cc385976e305ed47e5f1d7c8/transformed/firebase-common-ktx-21.0.0/AndroidManifest.xml:12:13-14:85
150                android:name="com.google.firebase.components:com.google.firebase.ktx.FirebaseCommonLegacyRegistrar"
150-->[com.google.firebase:firebase-common-ktx:21.0.0] REDACTED_PROJECT_ROOT/.gradle_home/caches/9.6.1/transforms/02e3dc28cc385976e305ed47e5f1d7c8/transformed/firebase-common-ktx-21.0.0/AndroidManifest.xml:13:17-116
151                android:value="com.google.firebase.components.ComponentRegistrar" />
151-->[com.google.firebase:firebase-common-ktx:21.0.0] REDACTED_PROJECT_ROOT/.gradle_home/caches/9.6.1/transforms/02e3dc28cc385976e305ed47e5f1d7c8/transformed/firebase-common-ktx-21.0.0/AndroidManifest.xml:14:17-82
152            <meta-data
152-->[com.google.firebase:firebase-common:21.0.0] REDACTED_PROJECT_ROOT/.gradle_home/caches/9.6.1/transforms/816427a72fec307c21f46f6a2df432e1/transformed/firebase-common-21.0.0/AndroidManifest.xml:35:13-37:85
153                android:name="com.google.firebase.components:com.google.firebase.FirebaseCommonKtxRegistrar"
153-->[com.google.firebase:firebase-common:21.0.0] REDACTED_PROJECT_ROOT/.gradle_home/caches/9.6.1/transforms/816427a72fec307c21f46f6a2df432e1/transformed/firebase-common-21.0.0/AndroidManifest.xml:36:17-109
154                android:value="com.google.firebase.components.ComponentRegistrar" />
154-->[com.google.firebase:firebase-common:21.0.0] REDACTED_PROJECT_ROOT/.gradle_home/caches/9.6.1/transforms/816427a72fec307c21f46f6a2df432e1/transformed/firebase-common-21.0.0/AndroidManifest.xml:37:17-82
155        </service>
156        <service
156-->[androidx.credentials:credentials-play-services-auth:1.2.0-rc01] REDACTED_PROJECT_ROOT/.gradle_home/caches/9.6.1/transforms/00c550920c4c5c0881da7ee282cd8e6c/transformed/credentials-play-services-auth-1.2.0-rc01/AndroidManifest.xml:24:9-32:19
157            android:name="androidx.credentials.playservices.CredentialProviderMetadataHolder"
157-->[androidx.credentials:credentials-play-services-auth:1.2.0-rc01] REDACTED_PROJECT_ROOT/.gradle_home/caches/9.6.1/transforms/00c550920c4c5c0881da7ee282cd8e6c/transformed/credentials-play-services-auth-1.2.0-rc01/AndroidManifest.xml:25:13-94
158            android:enabled="true"
158-->[androidx.credentials:credentials-play-services-auth:1.2.0-rc01] REDACTED_PROJECT_ROOT/.gradle_home/caches/9.6.1/transforms/00c550920c4c5c0881da7ee282cd8e6c/transformed/credentials-play-services-auth-1.2.0-rc01/AndroidManifest.xml:26:13-35
159            android:exported="false" >
159-->[androidx.credentials:credentials-play-services-auth:1.2.0-rc01] REDACTED_PROJECT_ROOT/.gradle_home/caches/9.6.1/transforms/00c550920c4c5c0881da7ee282cd8e6c/transformed/credentials-play-services-auth-1.2.0-rc01/AndroidManifest.xml:27:13-37
160            <meta-data
160-->[androidx.credentials:credentials-play-services-auth:1.2.0-rc01] REDACTED_PROJECT_ROOT/.gradle_home/caches/9.6.1/transforms/00c550920c4c5c0881da7ee282cd8e6c/transformed/credentials-play-services-auth-1.2.0-rc01/AndroidManifest.xml:29:13-31:104
161                android:name="androidx.credentials.CREDENTIAL_PROVIDER_KEY"
161-->[androidx.credentials:credentials-play-services-auth:1.2.0-rc01] REDACTED_PROJECT_ROOT/.gradle_home/caches/9.6.1/transforms/00c550920c4c5c0881da7ee282cd8e6c/transformed/credentials-play-services-auth-1.2.0-rc01/AndroidManifest.xml:30:17-76
162                android:value="androidx.credentials.playservices.CredentialProviderPlayServicesImpl" />
162-->[androidx.credentials:credentials-play-services-auth:1.2.0-rc01] REDACTED_PROJECT_ROOT/.gradle_home/caches/9.6.1/transforms/00c550920c4c5c0881da7ee282cd8e6c/transformed/credentials-play-services-auth-1.2.0-rc01/AndroidManifest.xml:31:17-101
163        </service>
164
165        <activity
165-->[androidx.credentials:credentials-play-services-auth:1.2.0-rc01] REDACTED_PROJECT_ROOT/.gradle_home/caches/9.6.1/transforms/00c550920c4c5c0881da7ee282cd8e6c/transformed/credentials-play-services-auth-1.2.0-rc01/AndroidManifest.xml:34:9-41:20
166            android:name="androidx.credentials.playservices.HiddenActivity"
166-->[androidx.credentials:credentials-play-services-auth:1.2.0-rc01] REDACTED_PROJECT_ROOT/.gradle_home/caches/9.6.1/transforms/00c550920c4c5c0881da7ee282cd8e6c/transformed/credentials-play-services-auth-1.2.0-rc01/AndroidManifest.xml:35:13-76
167            android:configChanges="orientation|screenSize|screenLayout|keyboardHidden"
167-->[androidx.credentials:credentials-play-services-auth:1.2.0-rc01] REDACTED_PROJECT_ROOT/.gradle_home/caches/9.6.1/transforms/00c550920c4c5c0881da7ee282cd8e6c/transformed/credentials-play-services-auth-1.2.0-rc01/AndroidManifest.xml:36:13-87
168            android:enabled="true"
168-->[androidx.credentials:credentials-play-services-auth:1.2.0-rc01] REDACTED_PROJECT_ROOT/.gradle_home/caches/9.6.1/transforms/00c550920c4c5c0881da7ee282cd8e6c/transformed/credentials-play-services-auth-1.2.0-rc01/AndroidManifest.xml:37:13-35
169            android:exported="false"
169-->[androidx.credentials:credentials-play-services-auth:1.2.0-rc01] REDACTED_PROJECT_ROOT/.gradle_home/caches/9.6.1/transforms/00c550920c4c5c0881da7ee282cd8e6c/transformed/credentials-play-services-auth-1.2.0-rc01/AndroidManifest.xml:38:13-37
170            android:fitsSystemWindows="true"
170-->[androidx.credentials:credentials-play-services-auth:1.2.0-rc01] REDACTED_PROJECT_ROOT/.gradle_home/caches/9.6.1/transforms/00c550920c4c5c0881da7ee282cd8e6c/transformed/credentials-play-services-auth-1.2.0-rc01/AndroidManifest.xml:39:13-45
171            android:theme="@style/Theme.Hidden" >
171-->[androidx.credentials:credentials-play-services-auth:1.2.0-rc01] REDACTED_PROJECT_ROOT/.gradle_home/caches/9.6.1/transforms/00c550920c4c5c0881da7ee282cd8e6c/transformed/credentials-play-services-auth-1.2.0-rc01/AndroidManifest.xml:40:13-48
172        </activity>
173        <activity
173-->[com.google.android.gms:play-services-auth:20.7.0] REDACTED_PROJECT_ROOT/.gradle_home/caches/9.6.1/transforms/9cfa670e089e944fef7b5917f773ede4/transformed/play-services-auth-20.7.0/AndroidManifest.xml:23:9-27:75
174            android:name="com.google.android.gms.auth.api.signin.internal.SignInHubActivity"
174-->[com.google.android.gms:play-services-auth:20.7.0] REDACTED_PROJECT_ROOT/.gradle_home/caches/9.6.1/transforms/9cfa670e089e944fef7b5917f773ede4/transformed/play-services-auth-20.7.0/AndroidManifest.xml:24:13-93
175            android:excludeFromRecents="true"
175-->[com.google.android.gms:play-services-auth:20.7.0] REDACTED_PROJECT_ROOT/.gradle_home/caches/9.6.1/transforms/9cfa670e089e944fef7b5917f773ede4/transformed/play-services-auth-20.7.0/AndroidManifest.xml:25:13-46
176            android:exported="false"